<?xml version="1.0" encoding="UTF-8"?>
<testng-results skipped="0" failed="0" total="1" passed="1">
  <reporter-output>
  </reporter-output>
  <suite name="example.NewTest" duration-ms="12175" started-at="2020-03-25T18:27:24Z" finished-at="2020-03-25T18:27:36Z">
    <groups>
    </groups>
    <test name="Command line test" duration-ms="12175" started-at="2020-03-25T18:27:24Z" finished-at="2020-03-25T18:27:36Z">
      <class name="example.NewTest">
        <test-method status="PASS" signature="beforeTest()[pri:0, instance:example.NewTest@5f2050f6]" name="beforeTest" is-config="true" duration-ms="5331" started-at="2020-03-26T02:27:24Z" finished-at="2020-03-26T02:27:29Z">
          <reporter-output>
          </reporter-output>
        </test-method> <!-- beforeTest -->
        <test-method status="PASS" signature="test()[pri:0, instance:example.NewTest@5f2050f6]" name="test" duration-ms="5690" started-at="2020-03-26T02:27:29Z" finished-at="2020-03-26T02:27:35Z">
          <reporter-output>
          </reporter-output>
        </test-method> <!-- test -->
        <test-method status="PASS" signature="afterTest()[pri:0, instance:example.NewTest@5f2050f6]" name="afterTest" is-config="true" duration-ms="1139" started-at="2020-03-26T02:27:35Z" finished-at="2020-03-26T02:27:36Z">
          <reporter-output>
          </reporter-output>
        </test-method> <!-- afterTest -->
      </class> <!-- example.NewTest -->
    </test> <!-- Command line test -->
  </suite> <!-- example.NewTest -->
</testng-results>
